Log file open, 02/06/17 01:27:17
LogInit:Display: Running engine for game: MyProject
LogPlatformFile: Not using cached read wrapper
LogInit:Display: RandInit(2028816509) SRandInit(2028816509).
LogTaskGraph: Started task graph with 5 named threads and 8 total threads with 1 sets of task threads.
LogStats: Stats thread started at 0.121118
LogPluginManager: Loaded Plugin Paper2D, From C:/Program Files/Epic Games/UE_4.14/Engine/Plugins/2D/Paper2D/Paper2D.uplugin
LogPluginManager: Loaded Plugin LightPropagationVolume, From C:/Program Files/Epic Games/UE_4.14/Engine/Plugins/Blendables/LightPropagationVolume/LightPropagationVolume.uplugin
LogPluginManager: Loaded Plugin BlankPlugin, From C:/Program Files/Epic Games/UE_4.14/Engine/Plugins/Developer/BlankPlugin/BlankPlugin.uplugin
LogPluginManager: Loaded Plugin CodeLiteSourceCodeAccess, From C:/Program Files/Epic Games/UE_4.14/Engine/Plugins/Developer/CodeLiteSourceCodeAccess/CodeLiteSourceCodeAccess.uplugin
LogPluginManager: Loaded Plugin GitSourceControl, From C:/Program Files/Epic Games/UE_4.14/Engine/Plugins/Developer/GitSourceControl/GitSourceControl.uplugin
LogPluginManager: Loaded Plugin KDevelopSourceCodeAccess, From C:/Program Files/Epic Games/UE_4.14/Engine/Plugins/Developer/KDevelopSourceCodeAccess/KDevelopSourceCodeAccess.uplugin
LogPluginManager: Loaded Plugin NullSourceCodeAccess, From C:/Program Files/Epic Games/UE_4.14/Engine/Plugins/Developer/NullSourceCodeAccess/NullSourceCodeAccess.uplugin
LogPluginManager: Loaded Plugin OneSkyLocalizationService, From C:/Program Files/Epic Games/UE_4.14/Engine/Plugins/Developer/OneSkyLocalizationService/OneSkyLocalizationService.uplugin
LogPluginManager: Loaded Plugin PerforceSourceControl, From C:/Program Files/Epic Games/UE_4.14/Engine/Plugins/Developer/PerforceSourceControl/PerforceSourceControl.uplugin
LogPluginManager: Loaded Plugin SubversionSourceControl, From C:/Program Files/Epic Games/UE_4.14/Engine/Plugins/Developer/SubversionSourceControl/SubversionSourceControl.uplugin
LogPluginManager: Loaded Plugin UObjectPlugin, From C:/Program Files/Epic Games/UE_4.14/Engine/Plugins/Developer/UObjectPlugin/UObjectPlugin.uplugin
LogPluginManager: Loaded Plugin VisualStudioSourceCodeAccess, From C:/Program Files/Epic Games/UE_4.14/Engine/Plugins/Developer/VisualStudioSourceCodeAccess/VisualStudioSourceCodeAccess.uplugin
LogPluginManager: Loaded Plugin XCodeSourceCodeAccess, From C:/Program Files/Epic Games/UE_4.14/Engine/Plugins/Developer/XCodeSourceCodeAccess/XCodeSourceCodeAccess.uplugin
LogPluginManager: Loaded Plugin AudioCapture, From C:/Program Files/Epic Games/UE_4.14/Engine/Plugins/Editor/AudioCapture/AudioCapture.uplugin
LogPluginManager: Loaded Plugin EpicSurvey, From C:/Program Files/Epic Games/UE_4.14/Engine/Plugins/Editor/EpicSurvey/EpicSurvey.uplugin
LogPluginManager: Loaded Plugin MacGraphicsSwitching, From C:/Program Files/Epic Games/UE_4.14/Engine/Plugins/Editor/MacGraphicsSwitching/MacGraphicsSwitching.uplugin
LogPluginManager: Loaded Plugin MobileLauncherProfileWizard, From C:/Program Files/Epic Games/UE_4.14/Engine/Plugins/Editor/MobileLauncherProfileWizard/MobileLauncherProfileWizard.uplugin
LogPluginManager: Loaded Plugin PluginBrowser, From C:/Program Files/Epic Games/UE_4.14/Engine/Plugins/Editor/PluginBrowser/PluginBrowser.uplugin
LogPluginManager: Loaded Plugin SpeedTreeImporter, From C:/Program Files/Epic Games/UE_4.14/Engine/Plugins/Editor/SpeedTreeImporter/SpeedTreeImporter.uplugin
LogPluginManager: Loaded Plugin SuperSearchEditor, From C:/Program Files/Epic Games/UE_4.14/Engine/Plugins/Editor/SuperSearchEditor/SuperSearchEditor.uplugin
LogPluginManager: Loaded Plugin AlembicImporter, From C:/Program Files/Epic Games/UE_4.14/Engine/Plugins/Experimental/AlembicImporter/AlembicImporter.uplugin
LogPluginManager: Loaded Plugin BlueprintStats, From C:/Program Files/Epic Games/UE_4.14/Engine/Plugins/Experimental/BlueprintStats/BlueprintStats.uplugin
LogPluginManager: Loaded Plugin CharacterAI, From C:/Program Files/Epic Games/UE_4.14/Engine/Plugins/Experimental/CharacterAI/CharacterAI.uplugin
LogPluginManager: Loaded Plugin CodeEditor, From C:/Program Files/Epic Games/UE_4.14/Engine/Plugins/Experimental/CodeEditor/CodeEditor.uplugin
LogPluginManager: Loaded Plugin CodeView, From C:/Program Files/Epic Games/UE_4.14/Engine/Plugins/Experimental/CodeView/CodeView.uplugin
LogPluginManager: Loaded Plugin HTML5Networking, From C:/Program Files/Epic Games/UE_4.14/Engine/Plugins/Experimental/HTML5Networking/HTML5Networking.uplugin
LogPluginManager: Loaded Plugin OSVR, From C:/Program Files/Epic Games/UE_4.14/Engine/Plugins/Experimental/OSVR/OSVR.uplugin
LogPluginManager: Loaded Plugin Phya, From C:/Program Files/Epic Games/UE_4.14/Engine/Plugins/Experimental/Phya/Phya.uplugin
LogPluginManager: Loaded Plugin SignificanceManager, From C:/Program Files/Epic Games/UE_4.14/Engine/Plugins/Experimental/SignificanceManager/SignificanceManager.uplugin
LogPluginManager: Loaded Plugin SimpleHMD, From C:/Program Files/Epic Games/UE_4.14/Engine/Plugins/Experimental/SimpleHMD/SimpleHMD.uplugin
LogPluginManager: Loaded Plugin StereoPanorama, From C:/Program Files/Epic Games/UE_4.14/Engine/Plugins/Experimental/StereoPanorama/StereoPanorama.uplugin
LogPluginManager: Loaded Plugin StructBox, From C:/Program Files/Epic Games/UE_4.14/Engine/Plugins/Experimental/StructBox/StructBox.uplugin
LogPluginManager: Loaded Plugin AndroidMedia, From C:/Program Files/Epic Games/UE_4.14/Engine/Plugins/Media/AndroidMedia/AndroidMedia.uplugin
LogPluginManager: Loaded Plugin AvfMedia, From C:/Program Files/Epic Games/UE_4.14/Engine/Plugins/Media/AvfMedia/AvfMedia.uplugin
LogPluginManager: Loaded Plugin MediaPlayerEditor, From C:/Program Files/Epic Games/UE_4.14/Engine/Plugins/Media/MediaPlayerEditor/MediaPlayerEditor.uplugin
LogPluginManager: Loaded Plugin WmfMedia, From C:/Program Files/Epic Games/UE_4.14/Engine/Plugins/Media/WmfMedia/WmfMedia.uplugin
LogPluginManager: Loaded Plugin MessagingDebugger, From C:/Program Files/Epic Games/UE_4.14/Engine/Plugins/Messaging/MessagingDebugger/MessagingDebugger.uplugin
LogPluginManager: Loaded Plugin TcpMessaging, From C:/Program Files/Epic Games/UE_4.14/Engine/Plugins/Messaging/TcpMessaging/TcpMessaging.uplugin
LogPluginManager: Loaded Plugin UdpMessaging, From C:/Program Files/Epic Games/UE_4.14/Engine/Plugins/Messaging/UdpMessaging/UdpMessaging.uplugin
LogPluginManager: Loaded Plugin LevelSequenceEditor, From C:/Program Files/Epic Games/UE_4.14/Engine/Plugins/MovieScene/LevelSequenceEditor/LevelSequenceEditor.uplugin
LogPluginManager: Loaded Plugin MatineeToLevelSequence, From C:/Program Files/Epic Games/UE_4.14/Engine/Plugins/MovieScene/MatineeToLevelSequence/MatineeToLevelSequence.uplugin
LogPluginManager: Loaded Plugin NetcodeUnitTest, From C:/Program Files/Epic Games/UE_4.14/Engine/Plugins/NetcodeUnitTest/NetcodeUnitTest/NetcodeUnitTest.uplugin
LogPluginManager: Loaded Plugin NUTUnrealEngine4, From C:/Program Files/Epic Games/UE_4.14/Engine/Plugins/NetcodeUnitTest/NUTUnrealEngine4/NUTUnrealEngine4.uplugin
LogPluginManager: Loaded Plugin OnlineSubsystemGameCircle, From C:/Program Files/Epic Games/UE_4.14/Engine/Plugins/Online/Android/OnlineSubsystemGameCircle/OnlineSubsystemGameCircle.uplugin
LogPluginManager: Loaded Plugin OnlineSubsystemGooglePlay, From C:/Program Files/Epic Games/UE_4.14/Engine/Plugins/Online/Android/OnlineSubsystemGooglePlay/OnlineSubsystemGooglePlay.uplugin
LogPluginManager: Loaded Plugin OnlineSubsystemIOS, From C:/Program Files/Epic Games/UE_4.14/Engine/Plugins/Online/IOS/OnlineSubsystemIOS/OnlineSubsystemIOS.uplugin
LogPluginManager: Loaded Plugin OnlineFramework, From C:/Program Files/Epic Games/UE_4.14/Engine/Plugins/Online/OnlineFramework/OnlineFramework.uplugin
LogPluginManager: Loaded Plugin OnlineSubsystem, From C:/Program Files/Epic Games/UE_4.14/Engine/Plugins/Online/OnlineSubsystem/OnlineSubsystem.uplugin
LogPluginManager: Loaded Plugin OnlineSubsystemAmazon, From C:/Program Files/Epic Games/UE_4.14/Engine/Plugins/Online/OnlineSubsystemAmazon/OnlineSubsystemAmazon.uplugin
LogPluginManager: Loaded Plugin OnlineSubsystemFacebook, From C:/Program Files/Epic Games/UE_4.14/Engine/Plugins/Online/OnlineSubsystemFacebook/OnlineSubsystemFacebook.uplugin
LogPluginManager: Loaded Plugin OnlineSubsystemNull, From C:/Program Files/Epic Games/UE_4.14/Engine/Plugins/Online/OnlineSubsystemNull/OnlineSubsystemNull.uplugin
LogPluginManager: Loaded Plugin OnlineSubsystemOculus, From C:/Program Files/Epic Games/UE_4.14/Engine/Plugins/Online/OnlineSubsystemOculus/OnlineSubsystemOculus.uplugin
LogPluginManager: Loaded Plugin OnlineSubsystemSteam, From C:/Program Files/Epic Games/UE_4.14/Engine/Plugins/Online/OnlineSubsystemSteam/OnlineSubsystemSteam.uplugin
LogPluginManager: Loaded Plugin OnlineSubsystemUtils, From C:/Program Files/Epic Games/UE_4.14/Engine/Plugins/Online/OnlineSubsystemUtils/OnlineSubsystemUtils.uplugin
LogPluginManager: Loaded Plugin IOSTapJoy, From C:/Program Files/Epic Games/UE_4.14/Engine/Plugins/Runtime/Advertising/IOSTapJoy/IOSTapJoy.uplugin
LogPluginManager: Loaded Plugin AnalyticsBlueprintLibrary, From C:/Program Files/Epic Games/UE_4.14/Engine/Plugins/Runtime/Analytics/AnalyticsBlueprintLibrary/AnalyticsBlueprintLibrary.uplugin
LogPluginManager: Loaded Plugin AnalyticsMulticast, From C:/Program Files/Epic Games/UE_4.14/Engine/Plugins/Runtime/Analytics/AnalyticsMulticast/AnalyticsMulticast.uplugin
LogPluginManager: Loaded Plugin Apsalar, From C:/Program Files/Epic Games/UE_4.14/Engine/Plugins/Runtime/Analytics/Apsalar/Apsalar.uplugin
LogPluginManager: Loaded Plugin FileLogging, From C:/Program Files/Epic Games/UE_4.14/Engine/Plugins/Runtime/Analytics/FileLogging/FileLogging.uplugin
LogPluginManager: Loaded Plugin Flurry, From C:/Program Files/Epic Games/UE_4.14/Engine/Plugins/Runtime/Analytics/Flurry/Flurry.uplugin
LogPluginManager: Loaded Plugin AndroidDeviceProfileSelector, From C:/Program Files/Epic Games/UE_4.14/Engine/Plugins/Runtime/AndroidDeviceProfileSelector/AndroidDeviceProfileSelector.uplugin
LogPluginManager: Loaded Plugin AndroidMoviePlayer, From C:/Program Files/Epic Games/UE_4.14/Engine/Plugins/Runtime/AndroidMoviePlayer/AndroidMoviePlayer.uplugin
LogPluginManager: Loaded Plugin AppleMoviePlayer, From C:/Program Files/Epic Games/UE_4.14/Engine/Plugins/Runtime/AppleMoviePlayer/AppleMoviePlayer.uplugin
LogPluginManager: Loaded Plugin ArchVisCharacter, From C:/Program Files/Epic Games/UE_4.14/Engine/Plugins/Runtime/ArchVisCharacter/ArchVisCharacter.uplugin
LogPluginManager: Loaded Plugin CableComponent, From C:/Program Files/Epic Games/UE_4.14/Engine/Plugins/Runtime/CableComponent/CableComponent.uplugin
LogPluginManager: Loaded Plugin CustomMeshComponent, From C:/Program Files/Epic Games/UE_4.14/Engine/Plugins/Runtime/CustomMeshComponent/CustomMeshComponent.uplugin
LogPluginManager: Loaded Plugin ExampleDeviceProfileSelector, From C:/Program Files/Epic Games/UE_4.14/Engine/Plugins/Runtime/ExampleDeviceProfileSelector/ExampleDeviceProfileSelector.uplugin
LogPluginManager: Loaded Plugin GearVR, From C:/Program Files/Epic Games/UE_4.14/Engine/Plugins/Runtime/GearVR/GearVR.uplugin
LogPluginManager: Loaded Plugin GoogleVRController, From C:/Program Files/Epic Games/UE_4.14/Engine/Plugins/Runtime/GoogleVR/GoogleVRController/GoogleVRController.uplugin
LogPluginManager: Loaded Plugin GoogleVRHMD, From C:/Program Files/Epic Games/UE_4.14/Engine/Plugins/Runtime/GoogleVR/GoogleVRHMD/GoogleVRHMD.uplugin
LogPluginManager: Loaded Plugin IOSDeviceProfileSelector, From C:/Program Files/Epic Games/UE_4.14/Engine/Plugins/Runtime/IOSDeviceProfileSelector/IOSDeviceProfileSelector.uplugin
LogPluginManager: Loaded Plugin LeapMotion, From C:/Program Files/Epic Games/UE_4.14/Engine/Plugins/Runtime/LeapMotion/LeapMotion.uplugin
LogPluginManager: Loaded Plugin LinuxDeviceProfileSelector, From C:/Program Files/Epic Games/UE_4.14/Engine/Plugins/Runtime/LinuxDeviceProfileSelector/LinuxDeviceProfileSelector.uplugin
LogPluginManager: Loaded Plugin MIDIDevice, From C:/Program Files/Epic Games/UE_4.14/Engine/Plugins/Runtime/MIDIDevice/MIDIDevice.uplugin
LogPluginManager: Loaded Plugin MobilePatchingUtils, From C:/Program Files/Epic Games/UE_4.14/Engine/Plugins/Runtime/MobilePatchingUtils/MobilePatchingUtils.uplugin
LogPluginManager: Loaded Plugin Ansel, From C:/Program Files/Epic Games/UE_4.14/Engine/Plugins/Runtime/Nvidia/Ansel/Ansel.uplugin
LogPluginManager: Loaded Plugin OculusAudio, From C:/Program Files/Epic Games/UE_4.14/Engine/Plugins/Runtime/OculusAudio/OculusAudio.uplugin
LogPluginManager: Loaded Plugin OculusInput, From C:/Program Files/Epic Games/UE_4.14/Engine/Plugins/Runtime/OculusInput/OculusInput.uplugin
LogPluginManager: Loaded Plugin OculusLibrary, From C:/Program Files/Epic Games/UE_4.14/Engine/Plugins/Runtime/OculusLibrary/OculusLibrary.uplugin
LogPluginManager: Loaded Plugin OculusRift, From C:/Program Files/Epic Games/UE_4.14/Engine/Plugins/Runtime/OculusRift/OculusRift.uplugin
LogPluginManager: Loaded Plugin Oodle, From C:/Program Files/Epic Games/UE_4.14/Engine/Plugins/Runtime/PacketHandlers/CompressionComponents/Oodle/Oodle.uplugin
LogPluginManager: Loaded Plugin ProceduralMeshComponent, From C:/Program Files/Epic Games/UE_4.14/Engine/Plugins/Runtime/ProceduralMeshComponent/ProceduralMeshComponent.uplugin
LogPluginManager: Loaded Plugin SoundMod, From C:/Program Files/Epic Games/UE_4.14/Engine/Plugins/Runtime/SoundMod/SoundMod.uplugin
LogPluginManager: Loaded Plugin SoundVisualizations, From C:/Program Files/Epic Games/UE_4.14/Engine/Plugins/Runtime/SoundVisualizations/SoundVisualizations.uplugin
LogPluginManager: Loaded Plugin SteamController, From C:/Program Files/Epic Games/UE_4.14/Engine/Plugins/Runtime/Steam/SteamController/SteamController.uplugin
LogPluginManager: Loaded Plugin SteamVR, From C:/Program Files/Epic Games/UE_4.14/Engine/Plugins/Runtime/Steam/SteamVR/SteamVR.uplugin
LogPluginManager: Loaded Plugin WebBrowserWidget, From C:/Program Files/Epic Games/UE_4.14/Engine/Plugins/Runtime/WebBrowserWidget/WebBrowserWidget.uplugin
LogPluginManager: Loaded Plugin WindowsDeviceProfileSelector, From C:/Program Files/Epic Games/UE_4.14/Engine/Plugins/Runtime/WindowsDeviceProfileSelector/WindowsDeviceProfileSelector.uplugin
LogPluginManager: Loaded Plugin WindowsMoviePlayer, From C:/Program Files/Epic Games/UE_4.14/Engine/Plugins/Runtime/WindowsMoviePlayer/WindowsMoviePlayer.uplugin
LogPluginManager: Loaded Plugin ScriptPlugin, From C:/Program Files/Epic Games/UE_4.14/Engine/Plugins/ScriptPlugin/ScriptPlugin.uplugin
LogPluginManager: Loaded Plugin SlateRemote, From C:/Program Files/Epic Games/UE_4.14/Engine/Plugins/Slate/SlateRemote/SlateRemote.uplugin
LogPluginManager: Loaded Plugin EditorTests, From C:/Program Files/Epic Games/UE_4.14/Engine/Plugins/Tests/EditorTests/EditorTests.uplugin
LogPluginManager: Loaded Plugin FbxAutomationTestBuilder, From C:/Program Files/Epic Games/UE_4.14/Engine/Plugins/Tests/FbxAutomationTestBuilder/FbxAutomationTestBuilder.uplugin
LogPluginManager: Loaded Plugin FunctionalTestingEditor, From C:/Program Files/Epic Games/UE_4.14/Engine/Plugins/Tests/FunctionalTestingEditor/FunctionalTestingEditor.uplugin
LogPluginManager: Loaded Plugin RuntimeTests, From C:/Program Files/Epic Games/UE_4.14/Engine/Plugins/Tests/RuntimeTests/RuntimeTests.uplugin
LogPluginManager: Loaded Plugin ScreenshotTools, From C:/Program Files/Epic Games/UE_4.14/Engine/Plugins/Tests/ScreenshotTools/ScreenshotTools.uplugin
LogInit: Using libcurl 7.47.1
LogInit:  - built for x86_64-pc-win32
LogInit:  - supports SSL with OpenSSL/1.0.2g
LogInit:  - supports HTTP deflate (compression) using libz 1.2.8
LogInit:  - other features:
LogInit:      CURL_VERSION_SSL
LogInit:      CURL_VERSION_LIBZ
LogInit:      CURL_VERSION_IPV6
LogInit:      CURL_VERSION_ASYNCHDNS
LogInit:      CURL_VERSION_LARGEFILE
LogInit:      CURL_VERSION_IDN
LogInit:  CurlRequestOptions (configurable via config and command line):
LogInit:  - bVerifyPeer = false  - Libcurl will NOT verify peer certificate
LogInit:  - bUseHttpProxy = false  - Libcurl will NOT use HTTP proxy
LogInit:  - bDontReuseConnections = false  - Libcurl will reuse connections
LogInit:  - CertBundlePath = nullptr  - Libcurl will use whatever was configured at build time.
LogInit: Build: ++UE4+Release-4.14-CL-3249277
LogInit: Engine Version: 4.14.3-3249277+++UE4+Release-4.14
LogInit: Compatible Engine Version: 4.14.0-3195953+++UE4+Release-4.14
LogInit: Net CL: 3195953
LogDevObjectVersion: Number of dev versions registered: 13
LogDevObjectVersion:   Dev-Blueprints (B0D832E4-1F89-4F0D-ACCF-7EB736FD4AA2): 7
LogDevObjectVersion:   Dev-Build (E1C64328-A22C-4D53-A36C-8E866417BD8C): 0
LogDevObjectVersion:   Dev-Core (375EC13C-06E4-48FB-B500-84F0262A717E): 1
LogDevObjectVersion:   Dev-Editor (E4B068ED-F494-42E9-A231-DA0B2E46BB41): 8
LogDevObjectVersion:   Dev-Framework (CFFC743F-43B0-4480-9391-14DF171D2073): 17
LogDevObjectVersion:   Dev-Mobile (B02B49B5-BB20-44E9-A304-32B752E40360): 0
LogDevObjectVersion:   Dev-Networking (A4E4105C-59A1-49B5-A7C5-40C4547EDFEE): 0
LogDevObjectVersion:   Dev-Online (39C831C9-5AE6-47DC-9A44-9C173E1C8E7C): 0
LogDevObjectVersion:   Dev-Physics (78F01B33-EBEA-4F98-B9B4-84EACCB95AA2): 0
LogDevObjectVersion:   Dev-Platform (6631380F-2D4D-43E0-8009-CF276956A95A): 0
LogDevObjectVersion:   Dev-Rendering (12F88B9F-8875-4AFC-A67C-D90C383ABD29): 12
LogDevObjectVersion:   Dev-Sequencer (7B5AE74C-D270-4C10-A958-57980B212A5A): 1
LogDevObjectVersion:   Dev-VR (D7296918-1DD6-4BDD-9DE2-64A83CC13884): 0
LogInit: Compiled (64-bit): Jan  6 2017 10:49:43
LogInit: Compiled with Visual C++: 19.00.23026.00
LogInit: Build Configuration: Development
LogInit: Branch Name: ++UE4+Release-4.14
LogInit: Command line: -EpicPortal 
LogInit: Base directory: C:/Program Files/Epic Games/UE_4.14/Engine/Binaries/Win64/
LogInit: Installed Engine Build: 1
LogInit: Presizing for max 8388607 objects, including 0 objects not considered by GC, pre-allocating 0 bytes for permanent pool.
LogInit: Object subsystem initialized
[2017.02.06-06.27.18:816][  0]LogInit: Selected Device Profile: [Windows]
[2017.02.06-06.27.18:816][  0]LogInit: Applying CVar settings loaded from the selected device profile: [Windows]
[2017.02.06-06.27.18:851][  0]LogInit: Computer: EJS-LAPTOP
[2017.02.06-06.27.18:851][  0]LogInit: User: Owner
[2017.02.06-06.27.18:851][  0]LogInit: CPU Page size=65536, Cores=4
[2017.02.06-06.27.18:851][  0]LogInit: High frequency timer resolution =1.948700 MHz
[2017.02.06-06.27.18:851][  0]LogMemory: Memory total: Physical=8.0GB (8GB approx)
[2017.02.06-06.27.18:851][  0]LogMemory: Platform Memory Stats for Windows
[2017.02.06-06.27.18:851][  0]LogMemory: Process Physical Memory: 263.17 MB used, 263.17 MB peak
[2017.02.06-06.27.18:851][  0]LogMemory: Process Virtual Memory: 262.63 MB used, 262.63 MB peak
[2017.02.06-06.27.18:851][  0]LogMemory: Physical Memory: 5555.75 MB used,  2614.48 MB free, 8170.24 MB total
[2017.02.06-06.27.18:851][  0]LogMemory: Virtual Memory: 676.52 MB used,  2614.48 MB free, 134217728.00 MB total
[2017.02.06-06.27.18:893][  0]LogTextLocalizationManager: No specific translations for ('en-US') exist, so ('en') translations will be used.
[2017.02.06-06.27.20:214][  0]LogD3D11RHI: D3D11 adapters:
[2017.02.06-06.27.20:259][  0]LogD3D11RHI:    0. 'NVIDIA GeForce GTX 460M         ' (Feature Level 11_0)
[2017.02.06-06.27.20:259][  0]LogD3D11RHI:       973/0/3071 MB DedicatedVideo/DedicatedSystem/SharedSystem, Outputs:1, VendorId:0x10de
[2017.02.06-06.27.20:262][  0]LogD3D11RHI:    1. 'Microsoft Basic Render Driver' (Feature Level 11_0)
[2017.02.06-06.27.20:262][  0]LogD3D11RHI:       0/0/4085 MB DedicatedVideo/DedicatedSystem/SharedSystem, Outputs:0, VendorId:0x1414
[2017.02.06-06.27.20:262][  0]LogD3D11RHI: Chosen D3D11 Adapter: 0
[2017.02.06-06.27.20:271][  0]LogD3D11RHI: Creating new Direct3DDevice
[2017.02.06-06.27.20:271][  0]LogD3D11RHI:     GPU DeviceId: 0xdd1 (for the marketing name, search the web for "GPU Device Id")
[2017.02.06-06.27.20:271][  0]LogWindows: EnumDisplayDevices:
[2017.02.06-06.27.20:271][  0]LogWindows:    0. 'NVIDIA GeForce GTX 460M         ' (P:1 D:1)
[2017.02.06-06.27.20:271][  0]LogWindows:    1. 'NVIDIA GeForce GTX 460M         ' (P:0 D:0)
[2017.02.06-06.27.20:272][  0]LogWindows: DebugString: FoundDriverCount:2 
[2017.02.06-06.27.20:272][  0]LogD3D11RHI:     Adapter Name: NVIDIA GeForce GTX 460M         
[2017.02.06-06.27.20:272][  0]LogD3D11RHI:   Driver Version: 353.54 (internal:10.18.13.5354, unified:353.54)
[2017.02.06-06.27.20:272][  0]LogD3D11RHI:      Driver Date: 7-13-2015
[2017.02.06-06.27.20:272][  0]LogRHI: Texture pool is 681 MB (70% of 973 MB)
[2017.02.06-06.27.20:297][  0]LogD3D11RHI:Warning: Timestamp queries are currently disabled on this hardware due to instability. Realtime GPU stats will not be available. You can override this behaviour by setting r.NVIDIATimestampWorkaround to 0
[2017.02.06-06.27.20:297][  0]LogD3D11RHI: Async texture creation enabled
[2017.02.06-06.27.20:316][  0]LogD3D11RHI: GPU Timing Frequency: 1000.000000 (Debug: 2 2)
[2017.02.06-06.27.20:318][  0]LogShaderCompilers: Guid format shader working directory is -35 characters bigger than the processId version (../../../../../../Users/Owner/Documents/Unreal Projects/EJ-s-Unreal-Project-Repo/Intermediate/Shaders/WorkingDirectory/10692/).
[2017.02.06-06.27.20:318][  0]LogShaderCompilers: Cleaned the shader compiler working directory 'C:/Users/Owner/AppData/Local/Temp/UnrealShaderWorkingDir/1CD8792C49D945AF767A418FFB55B5E5/'.
[2017.02.06-06.27.20:318][  0]LogShaderCompilers:Display: Using Local Shader Compiler.
[2017.02.06-06.27.22:390][  0]LogTemp:Display: Loaded TP AllDesktopTargetPlatform
[2017.02.06-06.27.22:649][  0]LogTemp:Display: Loaded TP MacClientTargetPlatform
[2017.02.06-06.27.22:916][  0]LogTemp:Display: Loaded TP MacNoEditorTargetPlatform
[2017.02.06-06.27.23:172][  0]LogTemp:Display: Loaded TP MacServerTargetPlatform
[2017.02.06-06.27.23:437][  0]LogTemp:Display: Loaded TP MacTargetPlatform
[2017.02.06-06.27.23:708][  0]LogTemp:Display: Loaded TP WindowsClientTargetPlatform
[2017.02.06-06.27.23:967][  0]LogTemp:Display: Loaded TP WindowsNoEditorTargetPlatform
[2017.02.06-06.27.24:233][  0]LogTemp:Display: Loaded TP WindowsServerTargetPlatform
[2017.02.06-06.27.24:466][  0]LogTemp:Display: Loaded TP WindowsTargetPlatform
[2017.02.06-06.27.24:743][  0]LogTemp:Display: Loaded TP AndroidTargetPlatform
[2017.02.06-06.27.25:015][  0]LogTemp:Display: Loaded TP Android_ASTCTargetPlatform
[2017.02.06-06.27.25:273][  0]LogTemp:Display: Loaded TP Android_ATCTargetPlatform
[2017.02.06-06.27.25:544][  0]LogTemp:Display: Loaded TP Android_DXTTargetPlatform
[2017.02.06-06.27.25:859][  0]LogTemp:Display: Loaded TP Android_ETC1TargetPlatform
[2017.02.06-06.27.26:131][  0]LogTemp:Display: Loaded TP Android_ETC2TargetPlatform
[2017.02.06-06.27.26:691][  0]LogTemp:Display: Loaded TP Android_MultiTargetPlatform
[2017.02.06-06.27.26:691][  0]LogTemp:Display: Loaded TP Android_PVRTCTargetPlatform
[2017.02.06-06.27.26:934][  0]LogTemp:Display: Loaded TP HTML5TargetPlatform
[2017.02.06-06.27.27:334][  0]LogTemp:Display: Loaded TP IOSTargetPlatform
[2017.02.06-06.27.27:491][  0]LogTemp:Display: Loaded TP TVOSTargetPlatform
[2017.02.06-06.27.27:740][  0]LogTemp:Display: Loaded TP LinuxClientTargetPlatform
[2017.02.06-06.27.27:997][  0]LogTemp:Display: Loaded TP LinuxNoEditorTargetPlatform
[2017.02.06-06.27.28:271][  0]LogTemp:Display: Loaded TP LinuxServerTargetPlatform
[2017.02.06-06.27.28:535][  0]LogTemp:Display: Loaded TP LinuxTargetPlatform
[2017.02.06-06.27.28:535][  0]LogTargetPlatformManager:Display: Building Assets For Windows
[2017.02.06-06.27.30:934][  0]LogDerivedDataCache:Display: Max Cache Size: 512 MB
[2017.02.06-06.27.31:005][  0]LogDerivedDataCache: Loaded boot cache 0.07s 50MB C:/Users/Owner/AppData/Local/UnrealEngine/4.14/DerivedDataCache/Boot.ddc.
[2017.02.06-06.27.31:005][  0]LogDerivedDataCache:Display: Loaded Boot cache: C:/Users/Owner/AppData/Local/UnrealEngine/4.14/DerivedDataCache/Boot.ddc
[2017.02.06-06.27.31:005][  0]LogDerivedDataCache: FDerivedDataBackendGraph:  Pak pak cache file ../../../../../../Users/Owner/Documents/Unreal Projects/EJ-s-Unreal-Project-Repo/DerivedDataCache/DDC.ddp not found, will not use a pak cache.
[2017.02.06-06.27.31:005][  0]LogDerivedDataCache: Unable to find inner node Pak for hierarchical cache Hierarchy.
[2017.02.06-06.27.31:005][  0]LogDerivedDataCache: FDerivedDataBackendGraph:  CompressedPak pak cache file ../../../../../../Users/Owner/Documents/Unreal Projects/EJ-s-Unreal-Project-Repo/DerivedDataCache/Compressed.ddp not found, will not use a pak cache.
[2017.02.06-06.27.31:005][  0]LogDerivedDataCache: Unable to find inner node CompressedPak for hierarchical cache Hierarchy.
[2017.02.06-06.27.31:030][  0]LogDerivedDataCache:Display: Pak cache opened for reading ../../../Engine/DerivedDataCache/Compressed.ddp.
[2017.02.06-06.27.31:043][  0]LogDerivedDataCache: Using Local data cache path C:/Users/Owner/AppData/Local/UnrealEngine/Common/DerivedDataCache: Writable
[2017.02.06-06.27.31:435][  0]LogInit: Selected Device Profile: [Windows]
[2017.02.06-06.27.31:440][  0]LogContentStreaming: Texture pool size is 0.00 MB
[2017.02.06-06.27.32:194][  0]LogMeshUtilities: Using QuadricMeshReduction for automatic static mesh reduction
[2017.02.06-06.27.32:447][  0]LogSimplygon: Simplygon DLL not present - disabling.
[2017.02.06-06.27.32:700][  0]LogMeshUtilities: Using SimplygonSwarm for distributed automatic mesh merging
[2017.02.06-06.27.32:700][  0]LogMeshUtilities: No automatic skeletal mesh reduction module available
[2017.02.06-06.27.32:700][  0]LogMeshUtilities: No automatic mesh merging module available
[2017.02.06-06.27.33:921][  0]LogNetVersion: GetLocalNetworkVersion: CL: 3195953, ProjectName: myproject, ProjectVersion: , EngineNetworkVersion: 2, GameNetworkVersion: 0, NetworkChecksum: 2754685603
[2017.02.06-06.27.34:105][  0]LogAssetRegistry: FAssetRegistry took 0.0218 seconds to start up
[2017.02.06-06.27.34:345][  0]LogPackageLocalizationCache: Processed 3 localized package path(s) for 2 prioritized culture(s) in 0.068437 seconds
[2017.02.06-06.27.34:354][  0]LogUObjectArray: 31946 objects as part of root set at end of initial load.
[2017.02.06-06.27.34:354][  0]LogUObjectAllocator: 6935848 out of 0 bytes used by permanent object pool.
[2017.02.06-06.27.34:354][  0]LogUObjectArray: CloseDisregardForGC: 0/0 objects in disregard for GC pool
[2017.02.06-06.27.34:812][  0]LogInit: WinSock: version 1.1 (2.2), MaxSocks=32767, MaxUdp=65467
[2017.02.06-06.27.39:438][  0]LogSlate: Using Freetype 2.6.0
[2017.02.06-06.27.39:440][  0]LogSlate: SlateFontCache - WITH_FREETYPE: 1, WITH_HARFBUZZ: 1
[2017.02.06-06.27.39:440][  0]LogSlate: SlateFontCache - WITH_FREETYPE: 1, WITH_HARFBUZZ: 1
[2017.02.06-06.27.41:612][  0]LogTcpMessaging: Initializing TcpMessaging bridge
[2017.02.06-06.27.41:779][  0]LogUdpMessaging: Initializing bridge on interface 0.0.0.0:0 to multicast group 230.0.0.1:6666.
[2017.02.06-06.27.43:201][  0]LogMaterial: Uniform references updated for custom material expression Custom.
[2017.02.06-06.27.45:134][  0]SourceControl: Info Source control is disabled
[2017.02.06-06.27.45:137][  0]SourceControl: Info Source control is disabled
[2017.02.06-06.27.45:412][  0]SourceControl: Info Source control is disabled
[2017.02.06-06.27.45:671][  0]SourceControl: Info Source control is disabled
[2017.02.06-06.27.52:630][  0]LogEngine: Initializing Engine...
[2017.02.06-06.27.52:650][  0]LogHMD: Failed to initialize OpenVR with code 108
[2017.02.06-06.27.53:544][  0]LogAIModule: Creating AISystem for world Untitled
[2017.02.06-06.27.53:575][  0]LogInit: XAudio2 using 'Speakers (Logitech G930 Headset)' : 2 channels at 44.1 kHz using 16 bits per sample (channel mask 0x3)
[2017.02.06-06.27.53:597][  0]LogInit: FAudioDevice initialized.
[2017.02.06-06.27.53:633][  0]LogDerivedDataCache: Saved boot cache 0.04s 50MB C:/Users/Owner/AppData/Local/UnrealEngine/4.14/DerivedDataCache/Boot.ddc.
[2017.02.06-06.27.53:649][  0]LogInit: Texture streaming: Enabled
[2017.02.06-06.27.54:819][  0]LogInit: Transaction tracking system initialized
[2017.02.06-06.27.56:849][  0]BlueprintLog: New page: Editor Load
[2017.02.06-06.28.02:132][  0]LocalizationService: Info Localization service is disabled
[2017.02.06-06.28.05:937][  0]LogConsoleResponse:Display: 
[2017.02.06-06.28.06:330][  0]LogCook:Display: Max memory allowance for cook 16384mb min free memory 0mb
[2017.02.06-06.28.06:330][  0]LogCook:Display: Mobile HDR setting 1
[2017.02.06-06.28.06:525][  0]LogFileCache: Scanning file cache for directory 'C:/Users/Owner/Documents/Unreal Projects/EJ-s-Unreal-Project-Repo/Content/' took 0.03s
[2017.02.06-06.28.11:913][  0]SourceControl: Info Source control is disabled
[2017.02.06-06.28.11:913][  0]Cmd: MAP LOAD FILE="../../../../../../Users/Owner/Documents/Unreal Projects/EJ-s-Unreal-Project-Repo/Content/SideScrollerBP/Maps/SideScrollerExampleMap.umap" TEMPLATE=0 SHOWPROGRESS=1 FEATURELEVEL=3
[2017.02.06-06.28.11:914][  0]LightingResults: New page: Lighting Build
[2017.02.06-06.28.12:162][  0]MapCheck: New page: Map Check
[2017.02.06-06.28.12:162][  0]LightingResults: New page: Lighting Build
[2017.02.06-06.28.13:105][  0]LogAIModule: Creating AISystem for world SideScrollerExampleMap
[2017.02.06-06.28.13:124][  0]LogEditorServer: Finished looking for orphan Actors (0.000 secs)
[2017.02.06-06.28.13:124][  0]Cmd: MAP CHECKDEP NOCLEARLOG
[2017.02.06-06.28.13:276][  0]MapCheck: Info Map check complete: 0 Error(s), 0 Warning(s), took 151.589ms to complete.
[2017.02.06-06.28.13:276][  0]LogFileHelpers: Loading map 'SideScrollerExampleMap' took 1.363
[2017.02.06-06.28.13:348][  0]LogWindowsTextInputMethodSystem:Display: IME system now deactivated.
[2017.02.06-06.28.13:648][  0]LogCollectionManager: Loaded 0 collections in 0.003567 seconds
[2017.02.06-06.28.13:921][  0]LogFileCache: Scanning file cache for directory 'C:/Users/Owner/Documents/Unreal Projects/EJ-s-Unreal-Project-Repo/Saved/Collections/' took 0.01s
[2017.02.06-06.28.13:921][  0]LogFileCache: Scanning file cache for directory 'C:/Users/Owner/Documents/Unreal Projects/EJ-s-Unreal-Project-Repo/Content/Developers/Owner/Collections/' took 0.01s
[2017.02.06-06.28.13:921][  0]LogFileCache: Scanning file cache for directory 'C:/Users/Owner/Documents/Unreal Projects/EJ-s-Unreal-Project-Repo/Content/Collections/' took 0.01s
[2017.02.06-06.28.13:921][  0]LogCollectionManager: Rebuilt the GUID cache for 0 collections in 0.000002 seconds
[2017.02.06-06.28.13:935][  0]LogContentBrowser: Native class hierarchy populated in 0.0143 seconds. Added 2190 classes and 428 folders.
[2017.02.06-06.28.14:227][  0]LogStats: UGameplayTagsManager::ConstructGameplayTagTree: Construct from data asset -  0.000 s
[2017.02.06-06.28.14:227][  0]LogStats: UGameplayTagsManager::ConstructGameplayTagTree: GameplayTagTreeChangedEvent.Broadcast -  0.000 s
[2017.02.06-06.28.14:229][  0]LogContentBrowser: Native class hierarchy updated for 'GameplayTags' in 0.0012 seconds. Added 13 classes and 0 folders.
[2017.02.06-06.28.14:674][  0]LogContentBrowser: Native class hierarchy updated for 'WidgetCarousel' in 0.0009 seconds. Added 0 classes and 0 folders.
[2017.02.06-06.28.15:576][  0]LogContentBrowser: Native class hierarchy updated for 'AddContentDialog' in 0.0010 seconds. Added 0 classes and 0 folders.
[2017.02.06-06.28.15:834][  0]LogContentBrowser: Native class hierarchy updated for 'SceneOutliner' in 0.0011 seconds. Added 1 classes and 2 folders.
[2017.02.06-06.28.16:005][  0]LogCrashTracker: Crashtracker disabled due to settings.
[2017.02.06-06.28.16:013][  0]LogUObjectGlobals:Warning: Failed to find object 'Class None.'
[2017.02.06-06.28.16:294][  0]LogContentBrowser: Native class hierarchy updated for 'HierarchicalLODOutliner' in 0.0010 seconds. Added 1 classes and 2 folders.
[2017.02.06-06.28.16:294][  0]LogLoad: (Engine Initialization) Total time: 62.31 seconds
[2017.02.06-06.28.16:294][  0]LogLoad: (Engine Initialization) Total Blueprint compile time: 0.56 seconds
[2017.02.06-06.28.16:294][  0]LogExternalProfiler: Found external profiler: VSPerf
[2017.02.06-06.28.16:294][  0]LogExternalProfiler: Using external profiler: VSPerf
[2017.02.06-06.28.16:312][  0]LogOcInput: OculusInput pre-init called
[2017.02.06-06.28.16:330][  0]LogContentStreaming: Texture pool size now 1000 MB
[2017.02.06-06.28.16:713][  0]LogRenderer: Reallocating scene render targets to support 1004x456 NumSamples 1 (Frame:2).
[2017.02.06-06.28.17:040][  2]LogAssetRegistry: Asset discovery search completed in 42.9561 seconds
[2017.02.06-06.28.17:040][  2]LogCollectionManager: Rebuilt the object cache for 0 collections in 0.000001 seconds (found 0 objects)
[2017.02.06-06.28.17:040][  2]LogCollectionManager: Fixed up redirectors for 0 collections in 0.000022 seconds (updated 0 objects)
[2017.02.06-06.28.24:509][266]LogContentBrowser: Native class hierarchy updated for 'BlueprintGraph' in 0.0016 seconds. Added 111 classes and 0 folders.
[2017.02.06-06.28.59:597][242]LogTemp: Repeting last play command: Selected Viewport
[2017.02.06-06.28.59:631][242]LogBlueprintUserMessages: Early PlayInEditor Detection: Level '/Game/SideScrollerBP/Maps/SideScrollerExampleMap.SideScrollerExampleMap:PersistentLevel' has LevelScriptBlueprint '/Game/SideScrollerBP/Maps/SideScrollerExampleMap.SideScrollerExampleMap:PersistentLevel.SideScrollerExampleMap' with GeneratedClass '/Game/SideScrollerBP/Maps/SideScrollerExampleMap.SideScrollerExampleMap_C' with ClassGeneratedBy '/Game/SideScrollerBP/Maps/SideScrollerExampleMap.SideScrollerExampleMap:PersistentLevel.SideScrollerExampleMap'
[2017.02.06-06.28.59:631][242]BlueprintLog: New page: Pre-Play auto-recompile
[2017.02.06-06.28.59:631][242]LogPlayLevel: [PlayLevel] Compiling SideScrollerCharacter before play...
[2017.02.06-06.28.59:871][242]LogPlayLevel: PlayLevel: Blueprint regeneration took 240 ms (1 blueprints)
[2017.02.06-06.28.59:871][242]PIE: New page: PIE session: SideScrollerExampleMap (Feb 5, 2017, 8:28:59 PM)
[2017.02.06-06.28.59:872][242]LogPlayLevel: Creating play world package: /Game/SideScrollerBP/Maps/UEDPIE_0_SideScrollerExampleMap
[2017.02.06-06.28.59:902][242]LogPlayLevel: PIE: StaticDuplicateObject took: (0.030282s)
[2017.02.06-06.28.59:903][242]LogAIModule: Creating AISystem for world SideScrollerExampleMap
[2017.02.06-06.28.59:903][242]LogPlayLevel: PIE: World Init took: (0.001430s)
[2017.02.06-06.28.59:904][242]LogPlayLevel: PIE: Created PIE world by copying editor world from /Game/SideScrollerBP/Maps/SideScrollerExampleMap.SideScrollerExampleMap to /Game/SideScrollerBP/Maps/UEDPIE_0_SideScrollerExampleMap.SideScrollerExampleMap (0.032110s)
[2017.02.06-06.28.59:948][242]LogInit: XAudio2 using 'Speakers (Logitech G930 Headset)' : 2 channels at 44.1 kHz using 16 bits per sample (channel mask 0x3)
[2017.02.06-06.28.59:961][242]LogInit: FAudioDevice initialized.
[2017.02.06-06.29.00:098][242]LogLoad: Game class is 'SideScrollerGameMode_C'
[2017.02.06-06.29.00:106][242]LogWorld: Bringing World /Game/SideScrollerBP/Maps/UEDPIE_0_SideScrollerExampleMap.SideScrollerExampleMap up for play (max tick rate 60) at 2017.02.06-01.29.00
[2017.02.06-06.29.00:107][242]LogWorld: Bringing up level for play took: 0.006184
[2017.02.06-06.29.00:373][242]LogContentBrowser: Native class hierarchy updated for 'MovieSceneCapture' in 0.0013 seconds. Added 11 classes and 0 folders.
[2017.02.06-06.29.00:374][242]PIE: Info Play in editor start time for /Game/SideScrollerBP/Maps/UEDPIE_0_SideScrollerExampleMap 0.849
[2017.02.06-06.29.00:375][242]LogBlueprintUserMessages: Late PlayInEditor Detection: Level '/Game/SideScrollerBP/Maps/SideScrollerExampleMap.SideScrollerExampleMap:PersistentLevel' has LevelScriptBlueprint '/Game/SideScrollerBP/Maps/SideScrollerExampleMap.SideScrollerExampleMap:PersistentLevel.SideScrollerExampleMap' with GeneratedClass '/Game/SideScrollerBP/Maps/SideScrollerExampleMap.SideScrollerExampleMap_C' with ClassGeneratedBy '/Game/SideScrollerBP/Maps/SideScrollerExampleMap.SideScrollerExampleMap:PersistentLevel.SideScrollerExampleMap'
[2017.02.06-06.29.01:465][296]LogCharacterMovement: SideScrollerCharacter_78 is stuck and failed to move! Velocity: X=0.00 Y=30.57 Z=0.00 Location: X=1200.00 Y=-394.42 Z=206.00 Normal: X=-0.47 Y=-0.88 Z=0.00 PenetrationDepth:16.671 Actor:Projectile_C_0 Component:Sphere BoneName:None (0 other events since notify)
[2017.02.06-06.29.03:308][402]LogCharacterMovement: SideScrollerCharacter_78 is stuck and failed to move! Velocity: X=0.00 Y=594.73 Z=0.00 Location: X=1200.00 Y=-460.38 Z=205.98 Normal: X=-0.47 Y=-0.89 Z=0.00 PenetrationDepth:16.394 Actor:Projectile_C_3 Component:Sphere BoneName:None (2 other events since notify)
[2017.02.06-06.29.04:429][465]LogCharacterMovement: SideScrollerCharacter_78 is stuck and failed to move! Velocity: X=0.00 Y=600.00 Z=0.00 Location: X=1200.00 Y=-807.33 Z=205.98 Normal: X=-0.46 Y=-0.89 Z=0.00 PenetrationDepth:15.427 Actor:Projectile_C_9 Component:Sphere BoneName:None (29 other events since notify)
[2017.02.06-06.29.05:470][523]LogCharacterMovement: SideScrollerCharacter_78 is stuck and failed to move! Velocity: X=0.00 Y=600.00 Z=0.00 Location: X=1200.00 Y=-846.39 Z=205.98 Normal: X=-0.79 Y=-0.61 Z=0.00 PenetrationDepth:38.620 Actor:Projectile_C_17 Component:Sphere BoneName:None (17 other events since notify)
[2017.02.06-06.29.06:942][608]LogCharacterMovement: SideScrollerCharacter_78 is stuck and failed to move! Velocity: X=0.00 Y=600.00 Z=0.00 Location: X=1200.00 Y=-428.25 Z=205.98 Normal: X=-0.45 Y=-0.89 Z=0.00 PenetrationDepth:14.574 Actor:Projectile_C_21 Component:Sphere BoneName:None (3 other events since notify)
[2017.02.06-06.29.08:007][669]LogCharacterMovement: SideScrollerCharacter_78 is stuck and failed to move! Velocity: X=0.00 Y=600.00 Z=0.00 Location: X=1200.00 Y=-705.11 Z=204.59 Normal: X=-0.46 Y=-0.59 Z=-0.66 PenetrationDepth:15.749 Actor:Projectile_C_24 Component:Sphere BoneName:None (4 other events since notify)
[2017.02.06-06.29.09:161][734]LogCharacterMovement: SideScrollerCharacter_78 is stuck and failed to move! Velocity: X=0.00 Y=600.00 Z=0.00 Location: X=1200.00 Y=-552.67 Z=205.98 Normal: X=-0.46 Y=-0.89 Z=0.00 PenetrationDepth:15.427 Actor:Projectile_C_27 Component:Sphere BoneName:None (1 other events since notify)
[2017.02.06-06.29.10:210][793]LogCharacterMovement: SideScrollerCharacter_78 is stuck and failed to move! Velocity: X=0.00 Y=600.00 Z=0.00 Location: X=1200.00 Y=-821.66 Z=205.98 Normal: X=-0.46 Y=-0.89 Z=0.00 PenetrationDepth:15.427 Actor:Projectile_C_37 Component:Sphere BoneName:None (27 other events since notify)
[2017.02.06-06.29.11:252][854]LogCharacterMovement: SideScrollerCharacter_78 is stuck and failed to move! Velocity: X=0.00 Y=600.00 Z=0.00 Location: X=1200.00 Y=-1127.46 Z=400.26 Normal: X=-0.46 Y=-0.89 Z=0.00 PenetrationDepth:15.427 Actor:Projectile_C_45 Component:Sphere BoneName:None (5 other events since notify)
[2017.02.06-06.29.12:258][911]LogCharacterMovement: SideScrollerCharacter_78 is stuck and failed to move! Velocity: X=0.00 Y=600.00 Z=0.00 Location: X=1200.00 Y=-1317.24 Z=500.40 Normal: X=-0.38 Y=-0.92 Z=0.00 PenetrationDepth:4.843 Actor:Projectile_C_49 Component:Sphere BoneName:None (2 other events since notify)
[2017.02.06-06.29.18:716][246]LogBlueprintUserMessages: Early EndPlayMap Detection: Level '/Game/SideScrollerBP/Maps/SideScrollerExampleMap.SideScrollerExampleMap:PersistentLevel' has LevelScriptBlueprint '/Game/SideScrollerBP/Maps/SideScrollerExampleMap.SideScrollerExampleMap:PersistentLevel.SideScrollerExampleMap' with GeneratedClass '/Game/SideScrollerBP/Maps/SideScrollerExampleMap.SideScrollerExampleMap_C' with ClassGeneratedBy '/Game/SideScrollerBP/Maps/SideScrollerExampleMap.SideScrollerExampleMap:PersistentLevel.SideScrollerExampleMap'
[2017.02.06-06.29.18:792][246]LogBlueprintUserMessages: Late EndPlayMap Detection: Level '/Game/SideScrollerBP/Maps/SideScrollerExampleMap.SideScrollerExampleMap:PersistentLevel' has LevelScriptBlueprint '/Game/SideScrollerBP/Maps/SideScrollerExampleMap.SideScrollerExampleMap:PersistentLevel.SideScrollerExampleMap' with GeneratedClass '/Game/SideScrollerBP/Maps/SideScrollerExampleMap.SideScrollerExampleMap_C' with ClassGeneratedBy '/Game/SideScrollerBP/Maps/SideScrollerExampleMap.SideScrollerExampleMap:PersistentLevel.SideScrollerExampleMap'
[2017.02.06-06.29.30:250][900]LogTemp: Repeting last play command: Selected Viewport
[2017.02.06-06.29.30:272][900]LogBlueprintUserMessages: Early PlayInEditor Detection: Level '/Game/SideScrollerBP/Maps/SideScrollerExampleMap.SideScrollerExampleMap:PersistentLevel' has LevelScriptBlueprint '/Game/SideScrollerBP/Maps/SideScrollerExampleMap.SideScrollerExampleMap:PersistentLevel.SideScrollerExampleMap' with GeneratedClass '/Game/SideScrollerBP/Maps/SideScrollerExampleMap.SideScrollerExampleMap_C' with ClassGeneratedBy '/Game/SideScrollerBP/Maps/SideScrollerExampleMap.SideScrollerExampleMap:PersistentLevel.SideScrollerExampleMap'
[2017.02.06-06.29.30:272][900]BlueprintLog: New page: Pre-Play auto-recompile
[2017.02.06-06.29.30:272][900]LogPlayLevel: [PlayLevel] Compiling SideScrollerCharacter before play...
[2017.02.06-06.29.30:468][900]LogPlayLevel: PlayLevel: Blueprint regeneration took 195 ms (1 blueprints)
[2017.02.06-06.29.30:469][900]PIE: New page: PIE session: SideScrollerExampleMap (Feb 5, 2017, 8:29:30 PM)
[2017.02.06-06.29.30:469][900]LogPlayLevel: Creating play world package: /Game/SideScrollerBP/Maps/UEDPIE_0_SideScrollerExampleMap
[2017.02.06-06.29.30:501][900]LogPlayLevel: PIE: StaticDuplicateObject took: (0.032549s)
[2017.02.06-06.29.30:502][900]LogAIModule: Creating AISystem for world SideScrollerExampleMap
[2017.02.06-06.29.30:503][900]LogPlayLevel: PIE: World Init took: (0.001228s)
[2017.02.06-06.29.30:503][900]LogPlayLevel: PIE: Created PIE world by copying editor world from /Game/SideScrollerBP/Maps/SideScrollerExampleMap.SideScrollerExampleMap to /Game/SideScrollerBP/Maps/UEDPIE_0_SideScrollerExampleMap.SideScrollerExampleMap (0.034255s)
[2017.02.06-06.29.30:545][900]LogInit: XAudio2 using 'Speakers (Logitech G930 Headset)' : 2 channels at 44.1 kHz using 16 bits per sample (channel mask 0x3)
[2017.02.06-06.29.30:557][900]LogInit: FAudioDevice initialized.
[2017.02.06-06.29.30:593][900]LogLoad: Game class is 'SideScrollerGameMode_C'
[2017.02.06-06.29.30:598][900]LogWorld: Bringing World /Game/SideScrollerBP/Maps/UEDPIE_0_SideScrollerExampleMap.SideScrollerExampleMap up for play (max tick rate 60) at 2017.02.06-01.29.30
[2017.02.06-06.29.30:598][900]LogWorld: Bringing up level for play took: 0.004118
[2017.02.06-06.29.30:600][900]PIE: Info Play in editor start time for /Game/SideScrollerBP/Maps/UEDPIE_0_SideScrollerExampleMap 1.074
[2017.02.06-06.29.30:600][900]LogBlueprintUserMessages: Late PlayInEditor Detection: Level '/Game/SideScrollerBP/Maps/SideScrollerExampleMap.SideScrollerExampleMap:PersistentLevel' has LevelScriptBlueprint '/Game/SideScrollerBP/Maps/SideScrollerExampleMap.SideScrollerExampleMap:PersistentLevel.SideScrollerExampleMap' with GeneratedClass '/Game/SideScrollerBP/Maps/SideScrollerExampleMap.SideScrollerExampleMap_C' with ClassGeneratedBy '/Game/SideScrollerBP/Maps/SideScrollerExampleMap.SideScrollerExampleMap:PersistentLevel.SideScrollerExampleMap'
[2017.02.06-06.29.43:284][467]LogBlueprintUserMessages: Early EndPlayMap Detection: Level '/Game/SideScrollerBP/Maps/SideScrollerExampleMap.SideScrollerExampleMap:PersistentLevel' has LevelScriptBlueprint '/Game/SideScrollerBP/Maps/SideScrollerExampleMap.SideScrollerExampleMap:PersistentLevel.SideScrollerExampleMap' with GeneratedClass '/Game/SideScrollerBP/Maps/SideScrollerExampleMap.SideScrollerExampleMap_C' with ClassGeneratedBy '/Game/SideScrollerBP/Maps/SideScrollerExampleMap.SideScrollerExampleMap:PersistentLevel.SideScrollerExampleMap'
[2017.02.06-06.29.43:354][467]LogBlueprintUserMessages: Late EndPlayMap Detection: Level '/Game/SideScrollerBP/Maps/SideScrollerExampleMap.SideScrollerExampleMap:PersistentLevel' has LevelScriptBlueprint '/Game/SideScrollerBP/Maps/SideScrollerExampleMap.SideScrollerExampleMap:PersistentLevel.SideScrollerExampleMap' with GeneratedClass '/Game/SideScrollerBP/Maps/SideScrollerExampleMap.SideScrollerExampleMap_C' with ClassGeneratedBy '/Game/SideScrollerBP/Maps/SideScrollerExampleMap.SideScrollerExampleMap:PersistentLevel.SideScrollerExampleMap'
[2017.02.06-06.29.50:103][862]LogTemp: Repeting last play command: Selected Viewport
[2017.02.06-06.29.50:125][862]LogBlueprintUserMessages: Early PlayInEditor Detection: Level '/Game/SideScrollerBP/Maps/SideScrollerExampleMap.SideScrollerExampleMap:PersistentLevel' has LevelScriptBlueprint '/Game/SideScrollerBP/Maps/SideScrollerExampleMap.SideScrollerExampleMap:PersistentLevel.SideScrollerExampleMap' with GeneratedClass '/Game/SideScrollerBP/Maps/SideScrollerExampleMap.SideScrollerExampleMap_C' with ClassGeneratedBy '/Game/SideScrollerBP/Maps/SideScrollerExampleMap.SideScrollerExampleMap:PersistentLevel.SideScrollerExampleMap'
[2017.02.06-06.29.50:125][862]BlueprintLog: New page: Pre-Play auto-recompile
[2017.02.06-06.29.50:125][862]LogPlayLevel: [PlayLevel] Compiling SideScrollerCharacter before play...
[2017.02.06-06.29.50:316][862]LogPlayLevel: PlayLevel: Blueprint regeneration took 190 ms (1 blueprints)
[2017.02.06-06.29.50:316][862]PIE: New page: PIE session: SideScrollerExampleMap (Feb 5, 2017, 8:29:50 PM)
[2017.02.06-06.29.50:316][862]LogPlayLevel: Creating play world package: /Game/SideScrollerBP/Maps/UEDPIE_0_SideScrollerExampleMap
[2017.02.06-06.29.50:345][862]LogPlayLevel: PIE: StaticDuplicateObject took: (0.029212s)
[2017.02.06-06.29.50:346][862]LogAIModule: Creating AISystem for world SideScrollerExampleMap
[2017.02.06-06.29.50:347][862]LogPlayLevel: PIE: World Init took: (0.001314s)
[2017.02.06-06.29.50:347][862]LogPlayLevel: PIE: Created PIE world by copying editor world from /Game/SideScrollerBP/Maps/SideScrollerExampleMap.SideScrollerExampleMap to /Game/SideScrollerBP/Maps/UEDPIE_0_SideScrollerExampleMap.SideScrollerExampleMap (0.030915s)
[2017.02.06-06.29.50:390][862]LogInit: XAudio2 using 'Speakers (Logitech G930 Headset)' : 2 channels at 44.1 kHz using 16 bits per sample (channel mask 0x3)
[2017.02.06-06.29.50:401][862]LogInit: FAudioDevice initialized.
[2017.02.06-06.29.50:435][862]LogLoad: Game class is 'SideScrollerGameMode_C'
[2017.02.06-06.29.50:440][862]LogWorld: Bringing World /Game/SideScrollerBP/Maps/UEDPIE_0_SideScrollerExampleMap.SideScrollerExampleMap up for play (max tick rate 60) at 2017.02.06-01.29.50
[2017.02.06-06.29.50:441][862]LogWorld: Bringing up level for play took: 0.004013
[2017.02.06-06.29.50:442][862]PIE: Info Play in editor start time for /Game/SideScrollerBP/Maps/UEDPIE_0_SideScrollerExampleMap 0.916
[2017.02.06-06.29.50:442][862]LogBlueprintUserMessages: Late PlayInEditor Detection: Level '/Game/SideScrollerBP/Maps/SideScrollerExampleMap.SideScrollerExampleMap:PersistentLevel' has LevelScriptBlueprint '/Game/SideScrollerBP/Maps/SideScrollerExampleMap.SideScrollerExampleMap:PersistentLevel.SideScrollerExampleMap' with GeneratedClass '/Game/SideScrollerBP/Maps/SideScrollerExampleMap.SideScrollerExampleMap_C' with ClassGeneratedBy '/Game/SideScrollerBP/Maps/SideScrollerExampleMap.SideScrollerExampleMap:PersistentLevel.SideScrollerExampleMap'
[2017.02.06-06.29.55:340][ 67]LogBlueprintUserMessages: Early EndPlayMap Detection: Level '/Game/SideScrollerBP/Maps/SideScrollerExampleMap.SideScrollerExampleMap:PersistentLevel' has LevelScriptBlueprint '/Game/SideScrollerBP/Maps/SideScrollerExampleMap.SideScrollerExampleMap:PersistentLevel.SideScrollerExampleMap' with GeneratedClass '/Game/SideScrollerBP/Maps/SideScrollerExampleMap.SideScrollerExampleMap_C' with ClassGeneratedBy '/Game/SideScrollerBP/Maps/SideScrollerExampleMap.SideScrollerExampleMap:PersistentLevel.SideScrollerExampleMap'
[2017.02.06-06.29.55:433][ 67]LogBlueprintUserMessages: Late EndPlayMap Detection: Level '/Game/SideScrollerBP/Maps/SideScrollerExampleMap.SideScrollerExampleMap:PersistentLevel' has LevelScriptBlueprint '/Game/SideScrollerBP/Maps/SideScrollerExampleMap.SideScrollerExampleMap:PersistentLevel.SideScrollerExampleMap' with GeneratedClass '/Game/SideScrollerBP/Maps/SideScrollerExampleMap.SideScrollerExampleMap_C' with ClassGeneratedBy '/Game/SideScrollerBP/Maps/SideScrollerExampleMap.SideScrollerExampleMap:PersistentLevel.SideScrollerExampleMap'
[2017.02.06-06.29.56:920][153]LogTemp: Repeting last play command: Selected Viewport
[2017.02.06-06.29.56:945][153]LogBlueprintUserMessages: Early PlayInEditor Detection: Level '/Game/SideScrollerBP/Maps/SideScrollerExampleMap.SideScrollerExampleMap:PersistentLevel' has LevelScriptBlueprint '/Game/SideScrollerBP/Maps/SideScrollerExampleMap.SideScrollerExampleMap:PersistentLevel.SideScrollerExampleMap' with GeneratedClass '/Game/SideScrollerBP/Maps/SideScrollerExampleMap.SideScrollerExampleMap_C' with ClassGeneratedBy '/Game/SideScrollerBP/Maps/SideScrollerExampleMap.SideScrollerExampleMap:PersistentLevel.SideScrollerExampleMap'
[2017.02.06-06.29.56:945][153]LogPlayLevel: PlayLevel: No blueprints needed recompiling
[2017.02.06-06.29.56:945][153]PIE: New page: PIE session: SideScrollerExampleMap (Feb 5, 2017, 8:29:56 PM)
[2017.02.06-06.29.56:945][153]LogPlayLevel: Creating play world package: /Game/SideScrollerBP/Maps/UEDPIE_0_SideScrollerExampleMap
[2017.02.06-06.29.56:973][153]LogPlayLevel: PIE: StaticDuplicateObject took: (0.027545s)
[2017.02.06-06.29.56:974][153]LogAIModule: Creating AISystem for world SideScrollerExampleMap
[2017.02.06-06.29.56:974][153]LogPlayLevel: PIE: World Init took: (0.001285s)
[2017.02.06-06.29.56:974][153]LogPlayLevel: PIE: Created PIE world by copying editor world from /Game/SideScrollerBP/Maps/SideScrollerExampleMap.SideScrollerExampleMap to /Game/SideScrollerBP/Maps/UEDPIE_0_SideScrollerExampleMap.SideScrollerExampleMap (0.029183s)
[2017.02.06-06.29.57:017][153]LogInit: XAudio2 using 'Speakers (Logitech G930 Headset)' : 2 channels at 44.1 kHz using 16 bits per sample (channel mask 0x3)
[2017.02.06-06.29.57:029][153]LogInit: FAudioDevice initialized.
[2017.02.06-06.29.57:060][153]LogLoad: Game class is 'SideScrollerGameMode_C'
[2017.02.06-06.29.57:065][153]LogWorld: Bringing World /Game/SideScrollerBP/Maps/UEDPIE_0_SideScrollerExampleMap.SideScrollerExampleMap up for play (max tick rate 60) at 2017.02.06-01.29.57
[2017.02.06-06.29.57:065][153]LogWorld: Bringing up level for play took: 0.003882
[2017.02.06-06.29.57:066][153]PIE: Info Play in editor start time for /Game/SideScrollerBP/Maps/UEDPIE_0_SideScrollerExampleMap -0.459
[2017.02.06-06.29.57:067][153]LogBlueprintUserMessages: Late PlayInEditor Detection: Level '/Game/SideScrollerBP/Maps/SideScrollerExampleMap.SideScrollerExampleMap:PersistentLevel' has LevelScriptBlueprint '/Game/SideScrollerBP/Maps/SideScrollerExampleMap.SideScrollerExampleMap:PersistentLevel.SideScrollerExampleMap' with GeneratedClass '/Game/SideScrollerBP/Maps/SideScrollerExampleMap.SideScrollerExampleMap_C' with ClassGeneratedBy '/Game/SideScrollerBP/Maps/SideScrollerExampleMap.SideScrollerExampleMap:PersistentLevel.SideScrollerExampleMap'
[2017.02.06-06.30.02:299][335]LogBlueprintUserMessages: Early EndPlayMap Detection: Level '/Game/SideScrollerBP/Maps/SideScrollerExampleMap.SideScrollerExampleMap:PersistentLevel' has LevelScriptBlueprint '/Game/SideScrollerBP/Maps/SideScrollerExampleMap.SideScrollerExampleMap:PersistentLevel.SideScrollerExampleMap' with GeneratedClass '/Game/SideScrollerBP/Maps/SideScrollerExampleMap.SideScrollerExampleMap_C' with ClassGeneratedBy '/Game/SideScrollerBP/Maps/SideScrollerExampleMap.SideScrollerExampleMap:PersistentLevel.SideScrollerExampleMap'
[2017.02.06-06.30.02:372][335]LogBlueprintUserMessages: Late EndPlayMap Detection: Level '/Game/SideScrollerBP/Maps/SideScrollerExampleMap.SideScrollerExampleMap:PersistentLevel' has LevelScriptBlueprint '/Game/SideScrollerBP/Maps/SideScrollerExampleMap.SideScrollerExampleMap:PersistentLevel.SideScrollerExampleMap' with GeneratedClass '/Game/SideScrollerBP/Maps/SideScrollerExampleMap.SideScrollerExampleMap_C' with ClassGeneratedBy '/Game/SideScrollerBP/Maps/SideScrollerExampleMap.SideScrollerExampleMap:PersistentLevel.SideScrollerExampleMap'
[2017.02.06-06.33.14:686][809]LogEditorViewport: Clicking on Actor (LMB): StaticMeshActor (Wall3)
[2017.02.06-06.33.30:403][684]LogTemp: Repeting last play command: Selected Viewport
[2017.02.06-06.33.30:425][684]LogBlueprintUserMessages: Early PlayInEditor Detection: Level '/Game/SideScrollerBP/Maps/SideScrollerExampleMap.SideScrollerExampleMap:PersistentLevel' has LevelScriptBlueprint '/Game/SideScrollerBP/Maps/SideScrollerExampleMap.SideScrollerExampleMap:PersistentLevel.SideScrollerExampleMap' with GeneratedClass '/Game/SideScrollerBP/Maps/SideScrollerExampleMap.SideScrollerExampleMap_C' with ClassGeneratedBy '/Game/SideScrollerBP/Maps/SideScrollerExampleMap.SideScrollerExampleMap:PersistentLevel.SideScrollerExampleMap'
[2017.02.06-06.33.30:425][684]BlueprintLog: New page: Pre-Play auto-recompile
[2017.02.06-06.33.30:425][684]LogPlayLevel: [PlayLevel] Compiling SideScrollerCharacter before play...
[2017.02.06-06.33.30:598][684]LogPlayLevel: PlayLevel: Blueprint regeneration took 172 ms (1 blueprints)
[2017.02.06-06.33.30:598][684]PIE: New page: PIE session: SideScrollerExampleMap (Feb 5, 2017, 8:33:30 PM)
[2017.02.06-06.33.30:598][684]LogPlayLevel: Creating play world package: /Game/SideScrollerBP/Maps/UEDPIE_0_SideScrollerExampleMap
[2017.02.06-06.33.30:629][684]LogPlayLevel: PIE: StaticDuplicateObject took: (0.031219s)
[2017.02.06-06.33.30:631][684]LogAIModule: Creating AISystem for world SideScrollerExampleMap
[2017.02.06-06.33.30:631][684]LogPlayLevel: PIE: World Init took: (0.001512s)
[2017.02.06-06.33.30:631][684]LogPlayLevel: PIE: Created PIE world by copying editor world from /Game/SideScrollerBP/Maps/SideScrollerExampleMap.SideScrollerExampleMap to /Game/SideScrollerBP/Maps/UEDPIE_0_SideScrollerExampleMap.SideScrollerExampleMap (0.033098s)
[2017.02.06-06.33.30:677][684]LogInit: XAudio2 using 'Speakers (Logitech G930 Headset)' : 2 channels at 44.1 kHz using 16 bits per sample (channel mask 0x3)
[2017.02.06-06.33.30:689][684]LogInit: FAudioDevice initialized.
[2017.02.06-06.33.30:727][684]LogLoad: Game class is 'SideScrollerGameMode_C'
[2017.02.06-06.33.30:732][684]LogWorld: Bringing World /Game/SideScrollerBP/Maps/UEDPIE_0_SideScrollerExampleMap.SideScrollerExampleMap up for play (max tick rate 60) at 2017.02.06-01.33.30
[2017.02.06-06.33.30:732][684]LogWorld: Bringing up level for play took: 0.004219
[2017.02.06-06.33.30:734][684]PIE: Info Play in editor start time for /Game/SideScrollerBP/Maps/UEDPIE_0_SideScrollerExampleMap 1.208
[2017.02.06-06.33.30:734][684]LogBlueprintUserMessages: Late PlayInEditor Detection: Level '/Game/SideScrollerBP/Maps/SideScrollerExampleMap.SideScrollerExampleMap:PersistentLevel' has LevelScriptBlueprint '/Game/SideScrollerBP/Maps/SideScrollerExampleMap.SideScrollerExampleMap:PersistentLevel.SideScrollerExampleMap' with GeneratedClass '/Game/SideScrollerBP/Maps/SideScrollerExampleMap.SideScrollerExampleMap_C' with ClassGeneratedBy '/Game/SideScrollerBP/Maps/SideScrollerExampleMap.SideScrollerExampleMap:PersistentLevel.SideScrollerExampleMap'
[2017.02.06-06.33.36:954][ 21]LogBlueprintUserMessages: Early EndPlayMap Detection: Level '/Game/SideScrollerBP/Maps/SideScrollerExampleMap.SideScrollerExampleMap:PersistentLevel' has LevelScriptBlueprint '/Game/SideScrollerBP/Maps/SideScrollerExampleMap.SideScrollerExampleMap:PersistentLevel.SideScrollerExampleMap' with GeneratedClass '/Game/SideScrollerBP/Maps/SideScrollerExampleMap.SideScrollerExampleMap_C' with ClassGeneratedBy '/Game/SideScrollerBP/Maps/SideScrollerExampleMap.SideScrollerExampleMap:PersistentLevel.SideScrollerExampleMap'
[2017.02.06-06.33.37:041][ 21]LogBlueprintUserMessages: Late EndPlayMap Detection: Level '/Game/SideScrollerBP/Maps/SideScrollerExampleMap.SideScrollerExampleMap:PersistentLevel' has LevelScriptBlueprint '/Game/SideScrollerBP/Maps/SideScrollerExampleMap.SideScrollerExampleMap:PersistentLevel.SideScrollerExampleMap' with GeneratedClass '/Game/SideScrollerBP/Maps/SideScrollerExampleMap.SideScrollerExampleMap_C' with ClassGeneratedBy '/Game/SideScrollerBP/Maps/SideScrollerExampleMap.SideScrollerExampleMap:PersistentLevel.SideScrollerExampleMap'
[2017.02.06-06.34.25:861][609]LogTemp: Repeting last play command: Selected Viewport
[2017.02.06-06.34.25:884][609]LogBlueprintUserMessages: Early PlayInEditor Detection: Level '/Game/SideScrollerBP/Maps/SideScrollerExampleMap.SideScrollerExampleMap:PersistentLevel' has LevelScriptBlueprint '/Game/SideScrollerBP/Maps/SideScrollerExampleMap.SideScrollerExampleMap:PersistentLevel.SideScrollerExampleMap' with GeneratedClass '/Game/SideScrollerBP/Maps/SideScrollerExampleMap.SideScrollerExampleMap_C' with ClassGeneratedBy '/Game/SideScrollerBP/Maps/SideScrollerExampleMap.SideScrollerExampleMap:PersistentLevel.SideScrollerExampleMap'
[2017.02.06-06.34.25:884][609]LogPlayLevel: PlayLevel: No blueprints needed recompiling
[2017.02.06-06.34.25:884][609]PIE: New page: PIE session: SideScrollerExampleMap (Feb 5, 2017, 8:34:25 PM)
[2017.02.06-06.34.25:884][609]LogPlayLevel: Creating play world package: /Game/SideScrollerBP/Maps/UEDPIE_0_SideScrollerExampleMap
[2017.02.06-06.34.25:917][609]LogPlayLevel: PIE: StaticDuplicateObject took: (0.032473s)
[2017.02.06-06.34.25:918][609]LogAIModule: Creating AISystem for world SideScrollerExampleMap
[2017.02.06-06.34.25:918][609]LogPlayLevel: PIE: World Init took: (0.001431s)
[2017.02.06-06.34.25:918][609]LogPlayLevel: PIE: Created PIE world by copying editor world from /Game/SideScrollerBP/Maps/SideScrollerExampleMap.SideScrollerExampleMap to /Game/SideScrollerBP/Maps/UEDPIE_0_SideScrollerExampleMap.SideScrollerExampleMap (0.034260s)
[2017.02.06-06.34.25:960][609]LogInit: XAudio2 using 'Speakers (Logitech G930 Headset)' : 2 channels at 44.1 kHz using 16 bits per sample (channel mask 0x3)
[2017.02.06-06.34.25:972][609]LogInit: FAudioDevice initialized.
[2017.02.06-06.34.26:005][609]LogLoad: Game class is 'SideScrollerGameMode_C'
[2017.02.06-06.34.26:010][609]LogWorld: Bringing World /Game/SideScrollerBP/Maps/UEDPIE_0_SideScrollerExampleMap.SideScrollerExampleMap up for play (max tick rate 60) at 2017.02.06-01.34.26
[2017.02.06-06.34.26:010][609]LogWorld: Bringing up level for play took: 0.003950
[2017.02.06-06.34.26:013][609]PIE: Info Play in editor start time for /Game/SideScrollerBP/Maps/UEDPIE_0_SideScrollerExampleMap 0.487
[2017.02.06-06.34.26:014][609]LogBlueprintUserMessages: Late PlayInEditor Detection: Level '/Game/SideScrollerBP/Maps/SideScrollerExampleMap.SideScrollerExampleMap:PersistentLevel' has LevelScriptBlueprint '/Game/SideScrollerBP/Maps/SideScrollerExampleMap.SideScrollerExampleMap:PersistentLevel.SideScrollerExampleMap' with GeneratedClass '/Game/SideScrollerBP/Maps/SideScrollerExampleMap.SideScrollerExampleMap_C' with ClassGeneratedBy '/Game/SideScrollerBP/Maps/SideScrollerExampleMap.SideScrollerExampleMap:PersistentLevel.SideScrollerExampleMap'
[2017.02.06-06.35.06:335][915]LogBlueprintUserMessages: Early EndPlayMap Detection: Level '/Game/SideScrollerBP/Maps/SideScrollerExampleMap.SideScrollerExampleMap:PersistentLevel' has LevelScriptBlueprint '/Game/SideScrollerBP/Maps/SideScrollerExampleMap.SideScrollerExampleMap:PersistentLevel.SideScrollerExampleMap' with GeneratedClass '/Game/SideScrollerBP/Maps/SideScrollerExampleMap.SideScrollerExampleMap_C' with ClassGeneratedBy '/Game/SideScrollerBP/Maps/SideScrollerExampleMap.SideScrollerExampleMap:PersistentLevel.SideScrollerExampleMap'
[2017.02.06-06.35.06:470][915]LogBlueprintUserMessages: Late EndPlayMap Detection: Level '/Game/SideScrollerBP/Maps/SideScrollerExampleMap.SideScrollerExampleMap:PersistentLevel' has LevelScriptBlueprint '/Game/SideScrollerBP/Maps/SideScrollerExampleMap.SideScrollerExampleMap:PersistentLevel.SideScrollerExampleMap' with GeneratedClass '/Game/SideScrollerBP/Maps/SideScrollerExampleMap.SideScrollerExampleMap_C' with ClassGeneratedBy '/Game/SideScrollerBP/Maps/SideScrollerExampleMap.SideScrollerExampleMap:PersistentLevel.SideScrollerExampleMap'
[2017.02.06-06.36.05:914][976]LogTemp: Repeting last play command: Selected Viewport
[2017.02.06-06.36.05:936][976]LogBlueprintUserMessages: Early PlayInEditor Detection: Level '/Game/SideScrollerBP/Maps/SideScrollerExampleMap.SideScrollerExampleMap:PersistentLevel' has LevelScriptBlueprint '/Game/SideScrollerBP/Maps/SideScrollerExampleMap.SideScrollerExampleMap:PersistentLevel.SideScrollerExampleMap' with GeneratedClass '/Game/SideScrollerBP/Maps/SideScrollerExampleMap.SideScrollerExampleMap_C' with ClassGeneratedBy '/Game/SideScrollerBP/Maps/SideScrollerExampleMap.SideScrollerExampleMap:PersistentLevel.SideScrollerExampleMap'
[2017.02.06-06.36.05:937][976]BlueprintLog: New page: Pre-Play auto-recompile
[2017.02.06-06.36.05:937][976]LogPlayLevel: [PlayLevel] Compiling SideScrollerCharacter before play...
[2017.02.06-06.36.06:160][976]LogPlayLevel: PlayLevel: Blueprint regeneration took 222 ms (1 blueprints)
[2017.02.06-06.36.06:160][976]PIE: New page: PIE session: SideScrollerExampleMap (Feb 5, 2017, 8:36:06 PM)
[2017.02.06-06.36.06:160][976]LogPlayLevel: Creating play world package: /Game/SideScrollerBP/Maps/UEDPIE_0_SideScrollerExampleMap
[2017.02.06-06.36.06:191][976]LogPlayLevel: PIE: StaticDuplicateObject took: (0.030794s)
[2017.02.06-06.36.06:192][976]LogAIModule: Creating AISystem for world SideScrollerExampleMap
[2017.02.06-06.36.06:192][976]LogPlayLevel: PIE: World Init took: (0.001437s)
[2017.02.06-06.36.06:192][976]LogPlayLevel: PIE: Created PIE world by copying editor world from /Game/SideScrollerBP/Maps/SideScrollerExampleMap.SideScrollerExampleMap to /Game/SideScrollerBP/Maps/UEDPIE_0_SideScrollerExampleMap.SideScrollerExampleMap (0.032596s)
[2017.02.06-06.36.06:234][976]LogInit: XAudio2 using 'Speakers (Logitech G930 Headset)' : 2 channels at 44.1 kHz using 16 bits per sample (channel mask 0x3)
[2017.02.06-06.36.06:247][976]LogInit: FAudioDevice initialized.
[2017.02.06-06.36.06:284][976]LogLoad: Game class is 'SideScrollerGameMode_C'
[2017.02.06-06.36.06:289][976]LogWorld: Bringing World /Game/SideScrollerBP/Maps/UEDPIE_0_SideScrollerExampleMap.SideScrollerExampleMap up for play (max tick rate 60) at 2017.02.06-01.36.06
[2017.02.06-06.36.06:290][976]LogWorld: Bringing up level for play took: 0.004104
[2017.02.06-06.36.06:291][976]PIE: Info Play in editor start time for /Game/SideScrollerBP/Maps/UEDPIE_0_SideScrollerExampleMap 0.765
[2017.02.06-06.36.06:291][976]LogBlueprintUserMessages: Late PlayInEditor Detection: Level '/Game/SideScrollerBP/Maps/SideScrollerExampleMap.SideScrollerExampleMap:PersistentLevel' has LevelScriptBlueprint '/Game/SideScrollerBP/Maps/SideScrollerExampleMap.SideScrollerExampleMap:PersistentLevel.SideScrollerExampleMap' with GeneratedClass '/Game/SideScrollerBP/Maps/SideScrollerExampleMap.SideScrollerExampleMap_C' with ClassGeneratedBy '/Game/SideScrollerBP/Maps/SideScrollerExampleMap.SideScrollerExampleMap:PersistentLevel.SideScrollerExampleMap'
[2017.02.06-06.36.43:169][113]LogBlueprintUserMessages: Early EndPlayMap Detection: Level '/Game/SideScrollerBP/Maps/SideScrollerExampleMap.SideScrollerExampleMap:PersistentLevel' has LevelScriptBlueprint '/Game/SideScrollerBP/Maps/SideScrollerExampleMap.SideScrollerExampleMap:PersistentLevel.SideScrollerExampleMap' with GeneratedClass '/Game/SideScrollerBP/Maps/SideScrollerExampleMap.SideScrollerExampleMap_C' with ClassGeneratedBy '/Game/SideScrollerBP/Maps/SideScrollerExampleMap.SideScrollerExampleMap:PersistentLevel.SideScrollerExampleMap'
[2017.02.06-06.36.43:304][113]LogBlueprintUserMessages: Late EndPlayMap Detection: Level '/Game/SideScrollerBP/Maps/SideScrollerExampleMap.SideScrollerExampleMap:PersistentLevel' has LevelScriptBlueprint '/Game/SideScrollerBP/Maps/SideScrollerExampleMap.SideScrollerExampleMap:PersistentLevel.SideScrollerExampleMap' with GeneratedClass '/Game/SideScrollerBP/Maps/SideScrollerExampleMap.SideScrollerExampleMap_C' with ClassGeneratedBy '/Game/SideScrollerBP/Maps/SideScrollerExampleMap.SideScrollerExampleMap:PersistentLevel.SideScrollerExampleMap'
[2017.02.06-06.38.58:449][895]LogD3D11RHI: Timed out while waiting for GPU to catch up. (0.5 s)
[2017.02.06-06.38.58:950][895]LogD3D11RHI: Timed out while waiting for GPU to catch up. (0.5 s)
[2017.02.06-06.38.59:451][896]LogD3D11RHI: Timed out while waiting for GPU to catch up. (0.5 s)
[2017.02.06-06.38.59:952][896]LogD3D11RHI: Timed out while waiting for GPU to catch up. (0.5 s)
[2017.02.06-06.39.06:073][897]LogD3D11RHI:Error: Result failed 
 at D:\Build\++UE4+Release-4.14+Compile\Sync\Engine\Source\Runtime\Windows\D3D11RHI\Private\D3D11Viewport.cpp:275 
 with error DXGI_ERROR_DEVICE_REMOVED DXGI_ERROR_DEVICE_HUNG
[2017.02.06-06.39.06:639][897]LogWindows: Windows GetLastError: The operation completed successfully. (0)
